AB969934.1
AB969934.1
MF544118.1
MF544119.1
MF544120.1
MT992079.1
MT992108.1
MT992162.1
MT992168.1
MW149528.1
MZ389383.1
MZ389384.1
MZ747455.1
MZ747456.1
MZ747457.1
MZ747458.1
MZ962980.1
MZ962981.1
MZ962982.1
MZ962983.1
MZ962984.1
MZ962985.1
MZ962986.1
MZ962987.1
MZ962988.1
MZ962989.1
MZ962990.1
MZ962991.1
MZ962992.1
MZ962993.1
MZ962994.1
MZ962995.1
MZ962996.1
MZ962997.1
MZ962998.1
MZ962999.1
MZ963000.1
MZ963001.1
MZ963002.1
MZ963003.1
MZ963004.1
MZ963005.1
MZ963006.1
MZ963007.1
MZ963008.1
MZ963009.1
MZ963010.1
MZ963011.1
MZ963012.1
ON185625.1
ON185626.1
ON185640.1
ON185643.1
ON185646.1
ON185650.1
ON185651.1
ON185652.1
ON462439.1
ON462440.1
ON462441.1
ON462442.1
ON462443.1
ON462444.1
ON462445.1
KC858302.1
KC896907.1
KC896908.1
KM538352.1
LC021160.1
LC458127.1
LC633591.1
LC633592.1
LC633593.1
LC633594.1
LC633595.1
LC633598.1
LC633599.1
LC633600.1
LC633601.1
LC633602.1
LC633603.1
LC633609.1
LC633610.1
LC633613.1
LC633614.1
LC633616.1
LC633617.1
LC633618.1
LC633619.1
LC633620.1
LC633621.1
LC633622.1
LC633623.1
LC633624.1
LC633625.1
LC633626.1
LC633628.1
LC633631.1
LC633632.1
LC633634.1
LC633636.1
LC633637.1
LC633638.1
LC633640.1
LC633641.1
LC633643.1
LC633644.1
LC633645.1
LC633646.1
LC633647.1
LC633648.1
LC633649.1
LC633650.1
LC633651.1
LC633652.1
LC633653.1
LC633654.1
LC633655.1
LC633660.1
LC633661.1
LC633664.1
LC633665.1
LC633666.1
LC633667.1
LC633668.1
LC633669.1
LC633670.1
LC633671.1
LC633672.1
LC633673.1
LC633674.1
LC633675.1
LC633676.1
LC633677.1
LC633678.1
LC633679.1
LC633680.1
LC633681.1
LC633682.1
LC641701.1
LC641702.1
LC661320.1
LC661341.1
LC661350.1
LC661351.1
LC661353.1
LC669490.1
LC671305.1
LC672486.1
LC677208.1
LC677209.1
LC677210.1
LC677211.1
LC677212.1
LC677213.1
LC677214.1
LC677317.1
LC677320.1
LC677333.1
LC681784.1
LC681797.1
LC681899.1
LC681900.1
LC681901.1
LC681902.1
LC685937.1
LC685938.1
LC710271.1
LC710298.1
LC710299.1
LC710301.1
LC715459.1
LC716657.1
LC716658.1
LC720143.1
LC720145.1
LC722559.1
LC722560.1
LC722561.1
LC722562.1
LC722563.1
LC723802.1
LC726200.1
LC726201.1
LC729816.1
LC729820.1
LC729838.1
LC729839.1
LC729850.1
LC729851.1
LC729852.1
LC731793.1
LC731806.1
AY275844.1
